<?xml version="1.0" encoding="UTF-8"?>
<!-- Generated by org.testng.reporters.JUnitReportReporter -->
<testsuite hostname="LAPTOP-N18APC6D" failures="0" tests="1" name="TestNGDemo.RadiobuttonandCheckBoxes" time="10.080" errors="0" timestamp="02 Dec 2021 04:50:05 GMT" skipped="0">
  <testcase classname="TestNGDemo.RadiobuttonandCheckBoxes" name="SelectRadioButtonandCheckBox" time="10.080"/>
</testsuite> <!-- TestNGDemo.RadiobuttonandCheckBoxes -->
