<?xml version="1.0" encoding="UTF-8"?>
<!-- Generated by org.testng.reporters.JUnitReportReporter -->
<testsuite hostname="LAPTOP-N18APC6D" failures="0" tests="1" name="TestNGDemo.RadioButtonCheckBox2" time="6.860" errors="0" timestamp="02 Dec 2021 05:10:14 GMT" skipped="0">
  <testcase classname="TestNGDemo.RadioButtonCheckBox2" name="SelectRadioButtonandCheckBox" time="6.860"/>
</testsuite> <!-- TestNGDemo.RadioButtonCheckBox2 -->
