<?xml version="1.0" encoding="UTF-8"?>
<!-- Generated by org.testng.reporters.JUnitReportReporter -->
<testsuite hostname="LAPTOP-N18APC6D" failures="0" tests="1" name="seleniumBasics.FirstTestNG" time="0.006" errors="0" timestamp="08 Nov 2021 18:24:49 GMT" skipped="0">
  <testcase classname="seleniumBasics.FirstTestNG" name="welcome" time="0.006"/>
</testsuite> <!-- seleniumBasics.FirstTestNG -->
