<?xml version="1.0" encoding="UTF-8"?>
<!-- Generated by org.testng.reporters.JUnitReportReporter -->
<testsuite hostname="LAPTOP-N18APC6D" failures="0" tests="1" name="TestNGDemo.Editbox" time="15.910" errors="0" timestamp="01 Dec 2021 22:49:31 GMT" skipped="0">
  <testcase classname="TestNGDemo.Editbox" name="WebElementLogin" time="15.910"/>
</testsuite> <!-- TestNGDemo.Editbox -->
