<?xml version="1.0" encoding="UTF-8"?>
<!-- Generated by org.testng.reporters.JUnitReportReporter -->
<testsuite hostname="LAPTOP-N18APC6D" failures="0" tests="1" name="BrowserNavigation" time="0.676" errors="0" timestamp="22 Nov 2021 03:00:23 GMT" skipped="0">
  <testcase classname="BrowserNavigation" name="brownav" time="0.676"/>
</testsuite> <!-- BrowserNavigation -->
