<?xml version="1.0" encoding="UTF-8"?>
<!-- Generated by org.testng.reporters.JUnitReportReporter -->
<testsuite hostname="LAPTOP-N18APC6D" failures="0" tests="1" name="GoogleBrowser" time="0.106" errors="0" timestamp="19 Nov 2021 01:11:27 GMT" skipped="0">
  <testcase classname="GoogleBrowser" name="googlebrowser" time="0.106"/>
</testsuite> <!-- GoogleBrowser -->
