<?xml version="1.0" encoding="UTF-8"?>
<!-- Generated by org.testng.reporters.JUnitReportReporter -->
<testsuite hostname="LAPTOP-N18APC6D" failures="0" tests="1" name="Testngdemo" time="0.004" errors="0" timestamp="17 Nov 2021 17:34:35 GMT" skipped="0">
  <testcase classname="Testngdemo" name="f" time="0.004"/>
</testsuite> <!-- Testngdemo -->
