<?xml version="1.0" encoding="UTF-8"?>
<!-- Generated by org.testng.reporters.JUnitReportReporter -->
<testsuite hostname="LAPTOP-N18APC6D" failures="0" tests="1" name="ChromeBrowser" time="0.039" errors="0" timestamp="01 Dec 2021 16:48:52 GMT" skipped="0">
  <testcase classname="ChromeBrowser" name="ChromeBrowser" time="0.039"/>
</testsuite> <!-- ChromeBrowser -->
