<?xml version="1.0" encoding="UTF-8"?>
<!-- Generated by org.testng.reporters.JUnitReportReporter -->
<testsuite hostname="LAPTOP-N18APC6D" failures="0" tests="1" name="FirstExcercise" time="0.006" errors="0" timestamp="17 Nov 2021 17:29:04 GMT" skipped="0">
  <testcase classname="FirstExcercise" name="f" time="0.006"/>
</testsuite> <!-- FirstExcercise -->
