<?xml version="1.0" encoding="UTF-8"?>
<!-- Generated by org.testng.reporters.JUnitReportReporter -->
<testsuite hostname="LAPTOP-N18APC6D" failures="0" tests="1" name="FirefoxBrowser" time="0.070" errors="0" timestamp="01 Dec 2021 16:49:15 GMT" skipped="0">
  <testcase classname="FirefoxBrowser" name="Test" time="0.070"/>
</testsuite> <!-- FirefoxBrowser -->
