<?xml version="1.0" encoding="UTF-8"?>
<!-- Generated by org.testng.reporters.JUnitReportReporter -->
<testsuite hostname="LAPTOP-N18APC6D" failures="0" tests="1" name="BrowserFirefox" time="0.057" errors="0" timestamp="03 Dec 2021 21:28:49 GMT" skipped="0">
  <testcase classname="BrowserFirefox" name="BrowserFirefox" time="0.057"/>
</testsuite> <!-- BrowserFirefox -->
