<?xml version="1.0" encoding="UTF-8"?>
<!-- Generated by org.testng.reporters.JUnitReportReporter -->
<testsuite hostname="LAPTOP-N18APC6D" failures="0" tests="1" name="GoogleBrowser" time="0.224" errors="0" timestamp="03 Dec 2021 21:30:50 GMT" skipped="0">
  <testcase classname="GoogleBrowser" name="googlebrowser" time="0.224"/>
</testsuite> <!-- GoogleBrowser -->
